
> angular-app@1.0.0 prestart /vagrant
> ./bin/build

[15:00:29] Using gulpfile /vagrant/gulpfile.js
[15:00:29] Starting 'vendorjscompile'...
[15:00:29] Finished 'vendorjscompile' after 16 ms
[15:00:29] Starting 'tplcachecompile'...
[15:00:29] Starting 'jscompile'...
[15:00:29] Finished 'jscompile' after 13 ms
[15:00:29] Starting 'csscompile'...
[15:00:29] Finished 'csscompile' after 1.59 ms
[15:00:29] Starting 'copystatic'...
[15:00:29] Finished 'copystatic' after 871 μs
[15:00:31] Finished 'tplcachecompile' after 2.21 s
[15:00:31] Starting 'build'...
[15:00:31] Finished 'build' after 102 μs

> angular-app@1.0.0 start /vagrant
> ./bin/start-dev-server

[15:00:39] Using gulpfile /vagrant/gulpfile.js
[15:00:39] Starting 'watch-dev'...
[15:00:39] Finished 'watch-dev' after 538 ms
[15:00:39] Using gulpfile /vagrant/gulpfile.js
[15:00:39] Starting 'vendorjscompile'...
[15:00:39] Finished 'vendorjscompile' after 36 ms
[15:00:39] Starting 'tplcachecompile'...
[15:00:39] Starting 'jscompile'...
[15:00:39] Finished 'jscompile' after 19 ms
[15:00:39] Starting 'csscompile'...
[15:00:39] Finished 'csscompile' after 3.79 ms
[15:00:39] Starting 'copystatic'...
[15:00:39] Finished 'copystatic' after 2.78 ms
[15:00:43] Finished 'tplcachecompile' after 3.97 s
[15:00:43] Starting 'build'...
[15:00:43] Finished 'build' after 28 μs
[15:06:58] Starting 'csscompile'...
[15:06:58] Finished 'csscompile' after 395 ms
[15:09:42] Starting 'csscompile'...
[15:09:42] Finished 'csscompile' after 3.8 ms
[15:12:40] Starting 'csscompile'...
[15:12:40] Finished 'csscompile' after 892 μs
[15:13:26] Starting 'tplcachecompile'...
[15:13:26] Starting 'jscompile'...
[15:13:26] Finished 'jscompile' after 15 ms
[15:13:29] Finished 'tplcachecompile' after 3.17 s
[15:14:47] Starting 'csscompile'...
[15:14:47] Finished 'csscompile' after 12 ms

> angular-app@1.0.0 prestart /vagrant
> ./bin/build

[05:48:03] Using gulpfile /vagrant/gulpfile.js
[05:48:03] Starting 'vendorjscompile'...
[05:48:03] Finished 'vendorjscompile' after 15 ms
[05:48:03] Starting 'tplcachecompile'...
[05:48:03] Starting 'jscompile'...
[05:48:03] Finished 'jscompile' after 16 ms
[05:48:03] Starting 'csscompile'...
[05:48:03] Finished 'csscompile' after 1.98 ms
[05:48:03] Starting 'copystatic'...
[05:48:03] Finished 'copystatic' after 1.29 ms
[05:48:05] Finished 'tplcachecompile' after 2.25 s
[05:48:05] Starting 'build'...
[05:48:05] Finished 'build' after 98 μs

> angular-app@1.0.0 start /vagrant
> ./bin/start-dev-server

[05:48:11] Using gulpfile /vagrant/gulpfile.js
[05:48:11] Starting 'watch-dev'...
[05:48:12] Finished 'watch-dev' after 385 ms
[05:48:12] Using gulpfile /vagrant/gulpfile.js
[05:48:12] Starting 'vendorjscompile'...
[05:48:12] Finished 'vendorjscompile' after 14 ms
[05:48:12] Starting 'tplcachecompile'...
[05:48:12] Starting 'jscompile'...
[05:48:12] Finished 'jscompile' after 10 ms
[05:48:12] Starting 'csscompile'...
[05:48:12] Finished 'csscompile' after 2.21 ms
[05:48:12] Starting 'copystatic'...
[05:48:12] Finished 'copystatic' after 1.16 ms
[05:48:14] Finished 'tplcachecompile' after 2.13 s
[05:48:14] Starting 'build'...
[05:48:14] Finished 'build' after 31 μs
[06:07:47] Starting 'csscompile'...
[06:07:47] Finished 'csscompile' after 28 ms
[06:08:08] Starting 'csscompile'...
[06:08:08] Finished 'csscompile' after 1.21 ms
[06:08:26] Starting 'csscompile'...
[06:08:26] Finished 'csscompile' after 1.58 ms
[06:09:11] Starting 'csscompile'...
[06:09:11] Finished 'csscompile' after 1.73 ms
[06:10:11] Starting 'csscompile'...
[06:10:11] Finished 'csscompile' after 1.46 ms
[06:10:39] Starting 'csscompile'...
[06:10:39] Finished 'csscompile' after 1.17 ms
[06:11:10] Starting 'tplcachecompile'...
[06:11:10] Starting 'jscompile'...
[06:11:10] Finished 'jscompile' after 21 ms
[06:11:13] Finished 'tplcachecompile' after 2.9 s
[06:11:29] Starting 'csscompile'...
[06:11:29] Finished 'csscompile' after 2.7 ms
[06:12:23] Starting 'csscompile'...
[06:12:23] Finished 'csscompile' after 3.37 ms
[06:12:44] Starting 'tplcachecompile'...
[06:12:44] Starting 'jscompile'...
[06:12:44] Finished 'jscompile' after 17 ms
[06:12:44] Finished 'tplcachecompile' after 529 ms
[06:13:09] Starting 'csscompile'...
[06:13:09] Finished 'csscompile' after 1.19 ms
[06:13:42] Starting 'csscompile'...
[06:13:42] Finished 'csscompile' after 957 μs
[06:14:27] Starting 'tplcachecompile'...
[06:14:27] Starting 'jscompile'...
[06:14:27] Finished 'jscompile' after 2.86 ms
[06:14:27] Finished 'tplcachecompile' after 396 ms
[06:16:56] Starting 'csscompile'...
[06:16:57] Finished 'csscompile' after 3.75 ms
[06:24:40] Starting 'csscompile'...
[06:24:40] Finished 'csscompile' after 757 μs
exec error: Error: Command failed: ./node_modules/gulp/bin/gulp.js watch-dev

events.js:182
      throw er; // Unhandled 'error' event
      ^
Error: src/app/modules/anon/app/app.scss
Error: File to import not found or unreadable: ../../../../node_modules/angular-material/angular-material.scss.
       Parent style sheet: /vagrant/src/app/modules/anon/app/app.scss
        on line 1 of src/app/modules/anon/app/app.scss
>> @import "../../../../node_modules/angular-material/angular-material.scss";
   ^

    at options.error (/vagrant/node_modules/node-sass/lib/index.js:291:26)


> angular-app@1.0.0 prestart /vagrant
> ./bin/build

[06:25:51] Using gulpfile /vagrant/gulpfile.js
[06:25:51] Starting 'vendorjscompile'...
[06:25:51] Finished 'vendorjscompile' after 16 ms
[06:25:51] Starting 'tplcachecompile'...
[06:25:51] Starting 'jscompile'...
[06:25:51] Finished 'jscompile' after 11 ms
[06:25:51] Starting 'csscompile'...
[06:25:51] Finished 'csscompile' after 2.93 ms
[06:25:51] Starting 'copystatic'...
[06:25:51] Finished 'copystatic' after 1.56 ms
exec error: Error: Command failed: ./node_modules/gulp/bin/gulp.js build

events.js:182
      throw er; // Unhandled 'error' event
      ^
Error: src/app/modules/anon/app/app.scss
Error: File to import not found or unreadable: ../../../../node_modules/angular-material/angular-material.scss.
       Parent style sheet: /vagrant/src/app/modules/anon/app/app.scss
        on line 1 of src/app/modules/anon/app/app.scss
>> @import "../../../../node_modules/angular-material/angular-material.scss";
   ^

    at options.error (/vagrant/node_modules/node-sass/lib/index.js:291:26)


> angular-app@1.0.0 start /vagrant
> ./bin/start-dev-server

[06:25:58] Using gulpfile /vagrant/gulpfile.js
[06:25:58] Starting 'vendorjscompile'...
[06:25:58] Finished 'vendorjscompile' after 15 ms
[06:25:58] Starting 'tplcachecompile'...
[06:25:58] Starting 'jscompile'...
[06:25:58] Finished 'jscompile' after 10 ms
[06:25:58] Starting 'csscompile'...
[06:25:58] Finished 'csscompile' after 3.4 ms
[06:25:58] Starting 'copystatic'...
[06:25:58] Finished 'copystatic' after 1.59 ms
exec error: Error: Command failed: ./node_modules/gulp/bin/gulp.js build

events.js:182
      throw er; // Unhandled 'error' event
      ^
Error: src/app/modules/anon/app/app.scss
Error: File to import not found or unreadable: ../../../../node_modules/angular-material/angular-material.scss.
       Parent style sheet: /vagrant/src/app/modules/anon/app/app.scss
        on line 1 of src/app/modules/anon/app/app.scss
>> @import "../../../../node_modules/angular-material/angular-material.scss";
   ^

    at options.error (/vagrant/node_modules/node-sass/lib/index.js:291:26)


> angular-app@1.0.0 prestart /vagrant
> ./bin/build

[06:48:06] Using gulpfile /vagrant/gulpfile.js
[06:48:06] Starting 'vendorjscompile'...
[06:48:06] Finished 'vendorjscompile' after 18 ms
[06:48:06] Starting 'tplcachecompile'...
[06:48:06] Starting 'jscompile'...
[06:48:06] Finished 'jscompile' after 9.84 ms
[06:48:06] Starting 'csscompile'...
[06:48:06] Finished 'csscompile' after 1.6 ms
[06:48:06] Starting 'copystatic'...
[06:48:06] Finished 'copystatic' after 945 μs
[06:48:08] Finished 'tplcachecompile' after 2.55 s
[06:48:08] Starting 'build'...
[06:48:08] Finished 'build' after 27 μs

> angular-app@1.0.0 start /vagrant
> ./bin/start-dev-server

[06:48:15] Using gulpfile /vagrant/gulpfile.js
[06:48:15] Starting 'vendorjscompile'...
[06:48:15] Finished 'vendorjscompile' after 15 ms
[06:48:15] Starting 'tplcachecompile'...
[06:48:15] Starting 'jscompile'...
[06:48:15] Finished 'jscompile' after 16 ms
[06:48:15] Starting 'csscompile'...
[06:48:15] Finished 'csscompile' after 10 ms
[06:48:15] Starting 'copystatic'...
[06:48:15] Finished 'copystatic' after 1.04 ms
[06:48:16] Using gulpfile /vagrant/gulpfile.js
[06:48:16] Starting 'watch-dev'...
[06:48:16] Finished 'watch-dev' after 386 ms
[06:48:18] Finished 'tplcachecompile' after 2.87 s
[06:48:18] Starting 'build'...
[06:48:18] Finished 'build' after 47 μs
[06:49:30] Starting 'jscompile'...
[06:49:30] Finished 'jscompile' after 25 ms
[06:49:47] Starting 'jscompile'...
[06:49:47] Finished 'jscompile' after 8.54 ms
